<?xml version="1.0" encoding="UTF-8"?>
<!-- Generated by org.testng.reporters.JUnitReportReporter -->
<testsuite hostname="DESKTOP-Q6U0KE1" name="HybridFramework.suites.TestB" tests="1" failures="0" timestamp="8 May 2019 15:58:34 GMT" time="7.519" errors="0">
  <testcase name="testB" time="7.519" classname="HybridFramework.suites.TestB"/>
</testsuite> <!-- HybridFramework.suites.TestB -->
